
✨ Modified Baileys ✨

------------------------------

Hi, thank you for using my modified Baileys ^-^
Telegram: @yumevtc
phone number = 6282328303332
Starting Soft Botz
No session found. Please scan the QR code to connect.
 [ STARTUP ]   Process Socket Connection.... 
[QR-CODE] QR code generated. Scan with your phone.

✨ Modified Baileys ✨

Hi, thank you for using my modified Baileys ^-^
Telegram: @yumevtc
------------------------------

phone number = 6282328303332
Starting Soft Botz
No session found. Please scan the QR code to connect.
 [ STARTUP ]   Process Socket Connection.... 
[QR-CODE] QR code generated. Scan with your phone.
[QR-CODE] QR code generated. Scan with your phone.
[QR-CODE] QR code generated. Scan with your phone.
[QR-CODE] QR code generated. Scan with your phone.
[QR-CODE] QR code generated. Scan with your phone.
[QR-CODE] QR code generated. Scan with your phone.
[ DISCONNECTED ] Reason: timedOut (408)
Message: QR refs attempts ended
Koneksi gagal, memulai ulang proses...

✨ Modified Baileys ✨

Hi, thank you for using my modified Baileys ^-^
Telegram: @yumevtc
------------------------------

phone number = 6282328303332
Starting Soft Botz
No session found. Please scan the QR code to connect.
 [ STARTUP ]   Process Socket Connection.... 
[QR-CODE] QR code generated. Scan with your phone.
[QR-CODE] QR code generated. Scan with your phone.
[QR-CODE] QR code generated. Scan with your phone.
[QR-CODE] QR code generated. Scan with your phone.
[QR-CODE] QR code generated. Scan with your phone.
[QR-CODE] QR code generated. Scan with your phone.
[ DISCONNECTED ] Reason: timedOut (408)
Message: QR refs attempts ended
Koneksi gagal, memulai ulang proses...

✨ Modified Baileys ✨

Hi, thank you for using my modified Baileys ^-^
Telegram: @yumevtc
------------------------------

phone number = 6282328303332
Starting Soft Botz
No session found. Please scan the QR code to connect.
 [ STARTUP ]   Process Socket Connection.... 
[QR-CODE] QR code generated. Scan with your phone.
[QR-CODE] QR code generated. Scan with your phone.

✨ Modified Baileys ✨

------------------------------

Hi, thank you for using my modified Baileys ^-^
Telegram: @yumevtc
phone number = 6282328303332
Starting Soft Botz
Requesting Pairing Code for 6282328303332
Your Pairing Code:  RAYT3WBV

✨ Modified Baileys ✨

Hi, thank you for using my modified Baileys ^-^
Telegram: @yumevtc
------------------------------

phone number = 6282328303332
Starting Soft Botz
Requesting Pairing Code for 6282328303332
Your Pairing Code:  1GZDBEW3
[QR-CODE] QR code generated. Scan with your phone.

✨ Modified Baileys ✨

Hi, thank you for using my modified Baileys ^-^
Telegram: @yumevtc
------------------------------

phone number = 6282328303332
Starting Soft Botz
No session found. Please scan the QR code to connect.
 [ STARTUP ]   Process Socket Connection.... 
[QR-CODE] QR code generated. Scan with your phone.

✨ Modified Baileys ✨

Hi, thank you for using my modified Baileys ^-^
Telegram: @yumevtc
------------------------------

phone number = 6282328303332
Starting Soft Botz
No session found. Please scan the QR code to connect.
 [ STARTUP ]   Process Socket Connection.... 
[QR-CODE] QR code generated. Scan with your phone.
[QR-CODE] QR code generated. Scan with your phone.

✨ Modified Baileys ✨

Hi, thank you for using my modified Baileys ^-^
Telegram: @yumevtc
------------------------------

phone number = 6282328303332
Starting Soft Botz
Requesting Pairing Code for 6282328303332
Your Pairing Code:  X3WFMF3Q
[QR-CODE] QR code generated. Scan with your phone.

✨ Modified Baileys ✨

Hi, thank you for using my modified Baileys ^-^
Telegram: @yumevtc
------------------------------

phone number = 6282328303332
Starting Soft Botz
Requesting Pairing Code for 6282328303332
Your Pairing Code:  ENHC93K7
